{"/valley/code/valleyjs/valley-module/src/index.js": {"path":"/valley/code/valleyjs/valley-module/src/index.js","statementMap":{"0":{"start":{"line":1,"column":14},"end":{"line":3,"column":1}},"1":{"start":{"line":2,"column":2},"end":{"line":2,"column":15}},"2":{"start":{"line":6,"column":11},"end":{"line":6,"column":23}},"3":{"start":{"line":7,"column":2},"end":{"line":9,"column":3}},"4":{"start":{"line":8,"column":4},"end":{"line":8,"column":11}},"5":{"start":{"line":10,"column":2},"end":{"line":12,"column":5}},"6":{"start":{"line":11,"column":4},"end":{"line":11,"column":37}},"7":{"start":{"line":17,"column":4},"end":{"line":17,"column":24}},"8":{"start":{"line":19,"column":4},"end":{"line":19,"column":23}},"9":{"start":{"line":20,"column":4},"end":{"line":20,"column":20}},"10":{"start":{"line":21,"column":4},"end":{"line":21,"column":39}},"11":{"start":{"line":23,"column":4},"end":{"line":23,"column":35}},"12":{"start":{"line":28,"column":4},"end":{"line":28,"column":26}},"13":{"start":{"line":30,"column":4},"end":{"line":64,"column":5}},"14":{"start":{"line":31,"column":6},"end":{"line":40,"column":7}},"15":{"start":{"line":32,"column":8},"end":{"line":37,"column":10}},"16":{"start":{"line":33,"column":18},"end":{"line":33,"column":33}},"17":{"start":{"line":34,"column":20},"end":{"line":34,"column":45}},"18":{"start":{"line":35,"column":10},"end":{"line":35,"column":58}},"19":{"start":{"line":36,"column":10},"end":{"line":36,"column":23}},"20":{"start":{"line":39,"column":8},"end":{"line":39,"column":36}},"21":{"start":{"line":41,"column":11},"end":{"line":64,"column":5}},"22":{"start":{"line":42,"column":6},"end":{"line":55,"column":8}},"23":{"start":{"line":43,"column":19},"end":{"line":51,"column":10}},"24":{"start":{"line":44,"column":10},"end":{"line":50,"column":11}},"25":{"start":{"line":45,"column":12},"end":{"line":45,"column":33}},"26":{"start":{"line":46,"column":17},"end":{"line":50,"column":11}},"27":{"start":{"line":47,"column":12},"end":{"line":47,"column":40}},"28":{"start":{"line":49,"column":12},"end":{"line":49,"column":44}},"29":{"start":{"line":52,"column":18},"end":{"line":52,"column":41}},"30":{"start":{"line":53,"column":8},"end":{"line":53,"column":56}},"31":{"start":{"line":54,"column":8},"end":{"line":54,"column":21}},"32":{"start":{"line":56,"column":11},"end":{"line":64,"column":5}},"33":{"start":{"line":57,"column":6},"end":{"line":61,"column":8}},"34":{"start":{"line":58,"column":18},"end":{"line":58,"column":51}},"35":{"start":{"line":59,"column":8},"end":{"line":59,"column":56}},"36":{"start":{"line":60,"column":8},"end":{"line":60,"column":21}},"37":{"start":{"line":63,"column":6},"end":{"line":63,"column":21}},"38":{"start":{"line":66,"column":4},"end":{"line":66,"column":29}},"39":{"start":{"line":69,"column":16},"end":{"line":69,"column":36}},"40":{"start":{"line":70,"column":4},"end":{"line":70,"column":32}},"41":{"start":{"line":71,"column":4},"end":{"line":71,"column":35}},"42":{"start":{"line":74,"column":4},"end":{"line":74,"column":55}},"43":{"start":{"line":74,"column":40},"end":{"line":74,"column":53}},"44":{"start":{"line":77,"column":4},"end":{"line":77,"column":22}},"45":{"start":{"line":80,"column":4},"end":{"line":83,"column":5}},"46":{"start":{"line":81,"column":6},"end":{"line":81,"column":20}},"47":{"start":{"line":82,"column":6},"end":{"line":82,"column":17}},"48":{"start":{"line":85,"column":21},"end":{"line":85,"column":50}},"49":{"start":{"line":86,"column":4},"end":{"line":88,"column":5}},"50":{"start":{"line":87,"column":6},"end":{"line":87,"column":56}},"51":{"start":{"line":90,"column":4},"end":{"line":92,"column":5}},"52":{"start":{"line":91,"column":6},"end":{"line":91,"column":62}},"53":{"start":{"line":95,"column":17},"end":{"line":95,"column":48}},"54":{"start":{"line":96,"column":4},"end":{"line":99,"column":7}},"55":{"start":{"line":97,"column":6},"end":{"line":97,"column":19}},"56":{"start":{"line":98,"column":6},"end":{"line":98,"column":26}},"57":{"start":{"line":101,"column":4},"end":{"line":101,"column":30}}},"fnMap":{"0":{"name":"(anonymous_0)","decl":{"start":{"line":1,"column":14},"end":{"line":1,"column":15}},"loc":{"start":{"line":1,"column":28},"end":{"line":3,"column":1}},"line":1},"1":{"name":"runItem","decl":{"start":{"line":5,"column":9},"end":{"line":5,"column":16}},"loc":{"start":{"line":5,"column":31},"end":{"line":13,"column":1}},"line":5},"2":{"name":"(anonymous_2)","decl":{"start":{"line":10,"column":12},"end":{"line":10,"column":13}},"loc":{"start":{"line":10,"column":18},"end":{"line":12,"column":3}},"line":10},"3":{"name":"(anonymous_3)","decl":{"start":{"line":16,"column":2},"end":{"line":16,"column":3}},"loc":{"start":{"line":16,"column":21},"end":{"line":24,"column":3}},"line":16},"4":{"name":"(anonymous_4)","decl":{"start":{"line":25,"column":2},"end":{"line":25,"column":3}},"loc":{"start":{"line":25,"column":23},"end":{"line":67,"column":3}},"line":25},"5":{"name":"(anonymous_5)","decl":{"start":{"line":32,"column":15},"end":{"line":32,"column":16}},"loc":{"start":{"line":32,"column":29},"end":{"line":37,"column":9}},"line":32},"6":{"name":"(anonymous_6)","decl":{"start":{"line":42,"column":13},"end":{"line":42,"column":14}},"loc":{"start":{"line":42,"column":27},"end":{"line":55,"column":7}},"line":42},"7":{"name":"(anonymous_7)","decl":{"start":{"line":43,"column":33},"end":{"line":43,"column":34}},"loc":{"start":{"line":43,"column":39},"end":{"line":51,"column":9}},"line":43},"8":{"name":"(anonymous_8)","decl":{"start":{"line":57,"column":13},"end":{"line":57,"column":14}},"loc":{"start":{"line":57,"column":27},"end":{"line":61,"column":7}},"line":57},"9":{"name":"(anonymous_9)","decl":{"start":{"line":68,"column":2},"end":{"line":68,"column":3}},"loc":{"start":{"line":68,"column":14},"end":{"line":72,"column":3}},"line":68},"10":{"name":"(anonymous_10)","decl":{"start":{"line":73,"column":2},"end":{"line":73,"column":3}},"loc":{"start":{"line":73,"column":18},"end":{"line":75,"column":3}},"line":73},"11":{"name":"(anonymous_11)","decl":{"start":{"line":74,"column":32},"end":{"line":74,"column":33}},"loc":{"start":{"line":74,"column":40},"end":{"line":74,"column":53}},"line":74},"12":{"name":"(anonymous_12)","decl":{"start":{"line":76,"column":2},"end":{"line":76,"column":3}},"loc":{"start":{"line":76,"column":13},"end":{"line":78,"column":3}},"line":76},"13":{"name":"(anonymous_13)","decl":{"start":{"line":79,"column":2},"end":{"line":79,"column":3}},"loc":{"start":{"line":79,"column":20},"end":{"line":102,"column":3}},"line":79},"14":{"name":"(anonymous_14)","decl":{"start":{"line":96,"column":19},"end":{"line":96,"column":20}},"loc":{"start":{"line":96,"column":33},"end":{"line":99,"column":5}},"line":96}},"branchMap":{"0":{"loc":{"start":{"line":7,"column":2},"end":{"line":9,"column":3}},"type":"if","locations":[{"start":{"line":7,"column":2},"end":{"line":9,"column":3}},{"start":{"line":7,"column":2},"end":{"line":9,"column":3}}],"line":7},"1":{"loc":{"start":{"line":17,"column":12},"end":{"line":17,"column":23}},"type":"binary-expr","locations":[{"start":{"line":17,"column":12},"end":{"line":17,"column":17}},{"start":{"line":17,"column":21},"end":{"line":17,"column":23}}],"line":17},"2":{"loc":{"start":{"line":21,"column":19},"end":{"line":21,"column":38}},"type":"binary-expr","locations":[{"start":{"line":21,"column":19},"end":{"line":21,"column":32}},{"start":{"line":21,"column":36},"end":{"line":21,"column":38}}],"line":21},"3":{"loc":{"start":{"line":23,"column":4},"end":{"line":23,"column":34}},"type":"binary-expr","locations":[{"start":{"line":23,"column":4},"end":{"line":23,"column":16}},{"start":{"line":23,"column":20},"end":{"line":23,"column":34}}],"line":23},"4":{"loc":{"start":{"line":30,"column":4},"end":{"line":64,"column":5}},"type":"if","locations":[{"start":{"line":30,"column":4},"end":{"line":64,"column":5}},{"start":{"line":30,"column":4},"end":{"line":64,"column":5}}],"line":30},"5":{"loc":{"start":{"line":31,"column":6},"end":{"line":40,"column":7}},"type":"if","locations":[{"start":{"line":31,"column":6},"end":{"line":40,"column":7}},{"start":{"line":31,"column":6},"end":{"line":40,"column":7}}],"line":31},"6":{"loc":{"start":{"line":41,"column":11},"end":{"line":64,"column":5}},"type":"if","locations":[{"start":{"line":41,"column":11},"end":{"line":64,"column":5}},{"start":{"line":41,"column":11},"end":{"line":64,"column":5}}],"line":41},"7":{"loc":{"start":{"line":44,"column":10},"end":{"line":50,"column":11}},"type":"if","locations":[{"start":{"line":44,"column":10},"end":{"line":50,"column":11}},{"start":{"line":44,"column":10},"end":{"line":50,"column":11}}],"line":44},"8":{"loc":{"start":{"line":46,"column":17},"end":{"line":50,"column":11}},"type":"if","locations":[{"start":{"line":46,"column":17},"end":{"line":50,"column":11}},{"start":{"line":46,"column":17},"end":{"line":50,"column":11}}],"line":46},"9":{"loc":{"start":{"line":56,"column":11},"end":{"line":64,"column":5}},"type":"if","locations":[{"start":{"line":56,"column":11},"end":{"line":64,"column":5}},{"start":{"line":56,"column":11},"end":{"line":64,"column":5}}],"line":56},"10":{"loc":{"start":{"line":80,"column":4},"end":{"line":83,"column":5}},"type":"if","locations":[{"start":{"line":80,"column":4},"end":{"line":83,"column":5}},{"start":{"line":80,"column":4},"end":{"line":83,"column":5}}],"line":80},"11":{"loc":{"start":{"line":85,"column":21},"end":{"line":85,"column":50}},"type":"cond-expr","locations":[{"start":{"line":85,"column":27},"end":{"line":85,"column":46}},{"start":{"line":85,"column":49},"end":{"line":85,"column":50}}],"line":85},"12":{"loc":{"start":{"line":86,"column":4},"end":{"line":88,"column":5}},"type":"if","locations":[{"start":{"line":86,"column":4},"end":{"line":88,"column":5}},{"start":{"line":86,"column":4},"end":{"line":88,"column":5}}],"line":86},"13":{"loc":{"start":{"line":90,"column":4},"end":{"line":92,"column":5}},"type":"if","locations":[{"start":{"line":90,"column":4},"end":{"line":92,"column":5}},{"start":{"line":90,"column":4},"end":{"line":92,"column":5}}],"line":90}},"s":{"0":6,"1":3,"2":44,"3":44,"4":10,"5":34,"6":31,"7":16,"8":16,"9":16,"10":16,"11":16,"12":32,"13":32,"14":27,"15":1,"16":1,"17":1,"18":1,"19":1,"20":26,"21":5,"22":3,"23":3,"24":6,"25":2,"26":4,"27":2,"28":2,"29":3,"30":3,"31":3,"32":2,"33":1,"34":1,"35":1,"36":1,"37":1,"38":32,"39":1,"40":1,"41":1,"42":6,"43":12,"44":2,"45":14,"46":4,"47":4,"48":14,"49":14,"50":1,"51":13,"52":4,"53":13,"54":13,"55":13,"56":13,"57":13},"f":{"0":3,"1":44,"2":31,"3":16,"4":32,"5":1,"6":3,"7":6,"8":1,"9":1,"10":6,"11":12,"12":2,"13":14,"14":13},"b":{"0":[10,34],"1":[16,16],"2":[16,16],"3":[16,7],"4":[27,5],"5":[1,26],"6":[3,2],"7":[2,4],"8":[2,2],"9":[1,1],"10":[4,10],"11":[2,12],"12":[1,13],"13":[4,9]},"_coverageSchema":"332fd63041d2c1bcb487cc26dd0d5f7d97098a6c","hash":"39464fd2e8b3a0f3c1fa52b3ade8c059b9cd517b"}
}
