TN:
SF:/valley/code/valleyjs/valley-module/src/index.js
FN:1,(anonymous_0)
FN:5,runItem
FN:10,(anonymous_2)
FN:16,(anonymous_3)
FN:25,(anonymous_4)
FN:32,(anonymous_5)
FN:42,(anonymous_6)
FN:43,(anonymous_7)
FN:57,(anonymous_8)
FN:68,(anonymous_9)
FN:73,(anonymous_10)
FN:74,(anonymous_11)
FN:76,(anonymous_12)
FN:79,(anonymous_13)
FN:96,(anonymous_14)
FNF:15
FNH:15
FNDA:3,(anonymous_0)
FNDA:44,runItem
FNDA:31,(anonymous_2)
FNDA:16,(anonymous_3)
FNDA:32,(anonymous_4)
FNDA:1,(anonymous_5)
FNDA:3,(anonymous_6)
FNDA:6,(anonymous_7)
FNDA:1,(anonymous_8)
FNDA:1,(anonymous_9)
FNDA:6,(anonymous_10)
FNDA:12,(anonymous_11)
FNDA:2,(anonymous_12)
FNDA:14,(anonymous_13)
FNDA:13,(anonymous_14)
DA:1,6
DA:2,3
DA:6,44
DA:7,44
DA:8,10
DA:10,34
DA:11,31
DA:17,16
DA:19,16
DA:20,16
DA:21,16
DA:23,16
DA:28,32
DA:30,32
DA:31,27
DA:32,1
DA:33,1
DA:34,1
DA:35,1
DA:36,1
DA:39,26
DA:41,5
DA:42,3
DA:43,3
DA:44,6
DA:45,2
DA:46,4
DA:47,2
DA:49,2
DA:52,3
DA:53,3
DA:54,3
DA:56,2
DA:57,1
DA:58,1
DA:59,1
DA:60,1
DA:63,1
DA:66,32
DA:69,1
DA:70,1
DA:71,1
DA:74,12
DA:77,2
DA:80,14
DA:81,4
DA:82,4
DA:85,14
DA:86,14
DA:87,1
DA:90,13
DA:91,4
DA:95,13
DA:96,13
DA:97,13
DA:98,13
DA:101,13
LF:57
LH:57
BRDA:7,0,0,10
BRDA:7,0,1,34
BRDA:17,1,0,16
BRDA:17,1,1,16
BRDA:21,2,0,16
BRDA:21,2,1,16
BRDA:23,3,0,16
BRDA:23,3,1,7
BRDA:30,4,0,27
BRDA:30,4,1,5
BRDA:31,5,0,1
BRDA:31,5,1,26
BRDA:41,6,0,3
BRDA:41,6,1,2
BRDA:44,7,0,2
BRDA:44,7,1,4
BRDA:46,8,0,2
BRDA:46,8,1,2
BRDA:56,9,0,1
BRDA:56,9,1,1
BRDA:80,10,0,4
BRDA:80,10,1,10
BRDA:85,11,0,2
BRDA:85,11,1,12
BRDA:86,12,0,1
BRDA:86,12,1,13
BRDA:90,13,0,4
BRDA:90,13,1,9
BRF:28
BRH:28
end_of_record
